<?xml version="1.0" encoding="UTF-8"?>
<!-- Generated by org.testng.reporters.JUnitReportReporter -->
<testsuite hostname="LAPTOP-RR6PLBFO" failures="0" tests="2" name="testngframework.TestNG_7_DependsOnMethods" time="2.089" errors="0" timestamp="2024-11-20T12:06:49 IST" skipped="0">
  <testcase classname="testngframework.TestNG_7_DependsOnMethods" name="method1" time="0.375"/>
  <system-out/>
  <testcase classname="testngframework.TestNG_7_DependsOnMethods" name="method2" time="1.714"/>
  <system-out/>
</testsuite> <!-- testngframework.TestNG_7_DependsOnMethods -->
