<?xml version="1.0" encoding="UTF-8"?>
<!-- Generated by org.testng.reporters.JUnitReportReporter -->
<testsuite hostname="LAPTOP-RR6PLBFO" failures="0" tests="1" name="log4jtutorial.Log4jDemo" time="5.431" errors="0" timestamp="2024-11-21T12:08:50 IST" skipped="0">
  <testcase classname="log4jtutorial.Log4jDemo" name="googlesearch" time="5.431"/>
  <system-out/>
</testsuite> <!-- log4jtutorial.Log4jDemo -->
