<?xml version="1.0" encoding="UTF-8"?>
<!-- Generated by org.testng.reporters.JUnitReportReporter -->
<testsuite hostname="LAPTOP-RR6PLBFO" failures="0" tests="7" name="testngframework.TestNG_2_TCs_Execution_Priority_Order" time="47.174" errors="0" timestamp="2024-11-20T11:51:52 IST" skipped="0">
  <testcase classname="testngframework.TestNG_2_TCs_Execution_Priority_Order" name="seleniumdev" time="1.712"/>
  <system-out/>
  <testcase classname="testngframework.TestNG_2_TCs_Execution_Priority_Order" name="facebook" time="0.873"/>
  <system-out/>
  <testcase classname="testngframework.TestNG_2_TCs_Execution_Priority_Order" name="google" time="1.331"/>
  <system-out/>
  <testcase classname="testngframework.TestNG_2_TCs_Execution_Priority_Order" name="twitter" time="4.321"/>
  <system-out/>
  <testcase classname="testngframework.TestNG_2_TCs_Execution_Priority_Order" name="gmail" time="4.140"/>
  <system-out/>
  <testcase classname="testngframework.TestNG_2_TCs_Execution_Priority_Order" name="techlearn" time="4.328"/>
  <system-out/>
  <testcase classname="testngframework.TestNG_2_TCs_Execution_Priority_Order" name="zomato" time="30.469"/>
  <system-out/>
</testsuite> <!-- testngframework.TestNG_2_TCs_Execution_Priority_Order -->
