<?xml version="1.0" encoding="UTF-8"?>
<!-- Generated by org.testng.reporters.JUnitReportReporter -->
<testsuite hostname="LAPTOP-RR6PLBFO" failures="0" tests="6" name="testngframework.TestNG_3_Disabled_Ignore_Skip" time="15.782" errors="0" timestamp="2024-12-03T11:54:57 IST" skipped="2">
  <testcase classname="testngframework.TestNG_3_Disabled_Ignore_Skip" name="twitter" time="5.806"/>
  <system-out/>
  <testcase classname="testngframework.TestNG_3_Disabled_Ignore_Skip" name="techlearn" time="3.730"/>
  <system-out/>
  <testcase classname="testngframework.TestNG_3_Disabled_Ignore_Skip" name="zomato" time="5.438"/>
  <system-out/>
  <testcase classname="testngframework.TestNG_3_Disabled_Ignore_Skip" name="seleniumdev" time="0.808"/>
  <system-out/>
  <testcase classname="testngframework.TestNG_3_Disabled_Ignore_Skip" name="google">
    <skipped/>
  </testcase> <!-- google -->
  <system-out/>
  <testcase classname="testngframework.TestNG_3_Disabled_Ignore_Skip" name="gmail">
    <skipped/>
  </testcase> <!-- gmail -->
  <system-out/>
</testsuite> <!-- testngframework.TestNG_3_Disabled_Ignore_Skip -->
