<?xml version="1.0" encoding="UTF-8"?>
<!-- Generated by org.testng.reporters.JUnitReportReporter -->
<testsuite hostname="LAPTOP-RR6PLBFO" failures="0" tests="11" name="testngframework.TestNG_5_InvocationCount" time="38.892" errors="0" timestamp="2024-11-12T11:51:31 IST" skipped="0">
  <testcase classname="testngframework.TestNG_5_InvocationCount" name="techlearn" time="7.853"/>
  <system-out/>
  <testcase classname="testngframework.TestNG_5_InvocationCount" name="zomato" time="2.784"/>
  <system-out/>
  <testcase classname="testngframework.TestNG_5_InvocationCount" name="selenium" time="0.085"/>
  <system-out/>
  <testcase classname="testngframework.TestNG_5_InvocationCount" name="google" time="4.786"/>
  <system-out/>
  <testcase classname="testngframework.TestNG_5_InvocationCount" name="google" time="3.110"/>
  <system-out/>
  <testcase classname="testngframework.TestNG_5_InvocationCount" name="google" time="3.566"/>
  <system-out/>
  <testcase classname="testngframework.TestNG_5_InvocationCount" name="selenium" time="0.073"/>
  <system-out/>
  <testcase classname="testngframework.TestNG_5_InvocationCount" name="gmail" time="4.187"/>
  <system-out/>
  <testcase classname="testngframework.TestNG_5_InvocationCount" name="google" time="6.096"/>
  <system-out/>
  <testcase classname="testngframework.TestNG_5_InvocationCount" name="google" time="3.784"/>
  <system-out/>
  <testcase classname="testngframework.TestNG_5_InvocationCount" name="selenium" time="2.568"/>
  <system-out/>
</testsuite> <!-- testngframework.TestNG_5_InvocationCount -->
