<?xml version="1.0" encoding="UTF-8"?>
<!-- Generated by org.testng.reporters.JUnitReportReporter -->
<testsuite hostname="LAPTOP-RR6PLBFO" failures="0" tests="6" name="testngframework.TestNG_3_Disabled_Ignore_Skip" time="21.705" errors="0" timestamp="2024-11-06T11:53:50 IST" skipped="3">
  <testcase classname="testngframework.TestNG_3_Disabled_Ignore_Skip" name="techlearn" time="18.120"/>
  <system-out/>
  <testcase classname="testngframework.TestNG_3_Disabled_Ignore_Skip" name="zomato" time="2.042"/>
  <system-out/>
  <testcase classname="testngframework.TestNG_3_Disabled_Ignore_Skip" name="seleniumdev" time="1.543"/>
  <system-out/>
  <testcase classname="testngframework.TestNG_3_Disabled_Ignore_Skip" name="twitter">
    <skipped/>
  </testcase> <!-- twitter -->
  <system-out/>
  <testcase classname="testngframework.TestNG_3_Disabled_Ignore_Skip" name="google">
    <skipped/>
  </testcase> <!-- google -->
  <system-out/>
  <testcase classname="testngframework.TestNG_3_Disabled_Ignore_Skip" name="gmail">
    <skipped/>
  </testcase> <!-- gmail -->
  <system-out/>
</testsuite> <!-- testngframework.TestNG_3_Disabled_Ignore_Skip -->
