<?xml version="1.0" encoding="UTF-8"?>
<!-- Generated by org.testng.reporters.JUnitReportReporter -->
<testsuite hostname="LAPTOP-RR6PLBFO" failures="0" tests="1" name="verifytabtexturlapptext.VerificationMethods" time="2.467" errors="0" timestamp="2024-11-23T12:18:25 IST" skipped="0">
  <testcase classname="verifytabtexturlapptext.VerificationMethods" name="verifyTabtitletext" time="2.467"/>
  <system-out/>
</testsuite> <!-- verifytabtexturlapptext.VerificationMethods -->
