<?xml version="1.0" encoding="UTF-8"?>
<!-- Generated by org.testng.reporters.JUnitReportReporter -->
<testsuite hostname="LAPTOP-RR6PLBFO" failures="0" tests="2" name="isdisplayedisenablediselected.IsDisplayedIsEnabledIsSelected" time="9.629" errors="0" timestamp="2024-11-21T11:18:53 IST" skipped="0">
  <testcase classname="isdisplayedisenablediselected.IsDisplayedIsEnabledIsSelected" name="isSelectedMethod" time="3.588"/>
  <system-out/>
  <testcase classname="isdisplayedisenablediselected.IsDisplayedIsEnabledIsSelected" name="isDisplayedMethod" time="6.041"/>
  <system-out/>
</testsuite> <!-- isdisplayedisenablediselected.IsDisplayedIsEnabledIsSelected -->
