<?xml version="1.0" encoding="UTF-8"?>
<!-- Generated by org.testng.reporters.JUnitReportReporter -->
<testsuite hostname="LAPTOP-RR6PLBFO" failures="0" tests="1" name="paymentmodule.UPITestScripts" time="4.355" errors="0" timestamp="2024-12-03T11:45:02 IST" skipped="0">
  <testcase classname="paymentmodule.UPITestScripts" name="techlearn" time="4.355"/>
  <system-out/>
</testsuite> <!-- paymentmodule.UPITestScripts -->
