<?xml version="1.0" encoding="UTF-8"?>
<!-- Generated by org.testng.reporters.JUnitReportReporter -->
<testsuite hostname="LAPTOP-RR6PLBFO" failures="0" tests="1" name="actionsclassprograms.RCDCDDMOKF" time="10.745" errors="0" timestamp="2024-11-20T11:38:21 IST" skipped="0">
  <testcase classname="actionsclassprograms.RCDCDDMOKF" name="keyboardfunctions" time="10.745"/>
  <system-out/>
</testsuite> <!-- actionsclassprograms.RCDCDDMOKF -->
