<?xml version="1.0" encoding="UTF-8"?>
<!-- Generated by org.testng.reporters.JUnitReportReporter -->
<testsuite hostname="LAPTOP-RR6PLBFO" failures="0" tests="2" name="testngframework.TestNG_4_TimeOut_Feature" time="4.863" errors="0" timestamp="2024-11-06T15:19:40 IST" skipped="0">
  <testcase classname="testngframework.TestNG_4_TimeOut_Feature" name="googleselenium" time="3.086"/>
  <system-out/>
  <testcase classname="testngframework.TestNG_4_TimeOut_Feature" name="googletestng" time="1.777"/>
  <system-out/>
</testsuite> <!-- testngframework.TestNG_4_TimeOut_Feature -->
